{"contracts/PixelPlace.sol":{"l":{"31":15,"42":11,"45":9,"48":8,"51":8,"61":3,"62":3,"79":2,"80":2,"81":2,"84":2,"86":1,"88":1,"89":2,"90":2,"91":4,"92":4,"96":1,"104":1,"105":1,"112":2,"113":2,"115":1,"116":1},"path":"/Users/raz/dev/monad-place/contracts/PixelPlace.sol","s":{"1":11,"2":9,"3":8,"4":3,"5":3,"6":2,"7":2,"8":2,"9":2,"10":1,"11":1,"12":2,"13":4,"14":1,"15":1,"16":2,"17":2,"18":1,"19":1},"b":{"1":[9,2],"2":[8,1],"3":[3,0],"4":[1,2],"5":[2,0],"6":[2,0],"7":[2,0],"8":[1,1],"9":[1,3],"10":[1,1],"11":[2,1],"12":[2,0],"13":[1,1],"14":[1,0]},"f":{"1":15,"2":11,"3":3,"4":2,"5":1,"6":2},"fnMap":{"1":{"name":"constructor","line":30,"loc":{"start":{"line":30,"column":4},"end":{"line":32,"column":4}}},"2":{"name":"paintPixel","line":40,"loc":{"start":{"line":40,"column":4},"end":{"line":52,"column":4}}},"3":{"name":"getPixelColor","line":60,"loc":{"start":{"line":60,"column":4},"end":{"line":63,"column":4}}},"4":{"name":"getCanvasSection","line":73,"loc":{"start":{"line":73,"column":4},"end":{"line":97,"column":4}}},"5":{"name":"setPixelFee","line":103,"loc":{"start":{"line":103,"column":4},"end":{"line":106,"column":4}}},"6":{"name":"withdraw","line":111,"loc":{"start":{"line":111,"column":4},"end":{"line":117,"column":4}}}},"statementMap":{"1":{"start":{"line":42,"column":8},"end":{"line":42,"column":68}},"2":{"start":{"line":45,"column":8},"end":{"line":45,"column":57}},"3":{"start":{"line":51,"column":8},"end":{"line":51,"column":50}},"4":{"start":{"line":61,"column":8},"end":{"line":61,"column":68}},"5":{"start":{"line":62,"column":8},"end":{"line":62,"column":66}},"6":{"start":{"line":79,"column":8},"end":{"line":79,"column":70}},"7":{"start":{"line":80,"column":8},"end":{"line":80,"column":72}},"8":{"start":{"line":81,"column":8},"end":{"line":81,"column":76}},"9":{"start":{"line":84,"column":8},"end":{"line":84,"column":69}},"10":{"start":{"line":86,"column":8},"end":{"line":86,"column":58}},"11":{"start":{"line":88,"column":8},"end":{"line":88,"column":3165}},"12":{"start":{"line":90,"column":12},"end":{"line":90,"column":3266}},"13":{"start":{"line":91,"column":16},"end":{"line":91,"column":61}},"14":{"start":{"line":96,"column":8},"end":{"line":96,"column":22}},"15":{"start":{"line":105,"column":8},"end":{"line":105,"column":31}},"16":{"start":{"line":112,"column":8},"end":{"line":112,"column":47}},"17":{"start":{"line":113,"column":8},"end":{"line":113,"column":51}},"18":{"start":{"line":115,"column":8},"end":{"line":115,"column":68}},"19":{"start":{"line":116,"column":8},"end":{"line":116,"column":44}}},"branchMap":{"1":{"line":42,"type":"if","locations":[{"start":{"line":42,"column":8},"end":{"line":42,"column":8}},{"start":{"line":42,"column":8},"end":{"line":42,"column":8}}]},"2":{"line":45,"type":"if","locations":[{"start":{"line":45,"column":8},"end":{"line":45,"column":8}},{"start":{"line":45,"column":8},"end":{"line":45,"column":8}}]},"3":{"line":61,"type":"if","locations":[{"start":{"line":61,"column":8},"end":{"line":61,"column":8}},{"start":{"line":61,"column":8},"end":{"line":61,"column":8}}]},"4":{"line":62,"type":"if","locations":[{"start":{"line":62,"column":35},"end":{"line":62,"column":50}},{"start":{"line":62,"column":54},"end":{"line":62,"column":65}}]},"5":{"line":79,"type":"if","locations":[{"start":{"line":79,"column":8},"end":{"line":79,"column":8}},{"start":{"line":79,"column":8},"end":{"line":79,"column":8}}]},"6":{"line":80,"type":"if","locations":[{"start":{"line":80,"column":8},"end":{"line":80,"column":8}},{"start":{"line":80,"column":8},"end":{"line":80,"column":8}}]},"7":{"line":81,"type":"if","locations":[{"start":{"line":81,"column":8},"end":{"line":81,"column":8}},{"start":{"line":81,"column":8},"end":{"line":81,"column":8}}]},"8":{"line":84,"type":"if","locations":[{"start":{"line":84,"column":8},"end":{"line":84,"column":8}},{"start":{"line":84,"column":8},"end":{"line":84,"column":8}}]},"9":{"line":92,"type":"if","locations":[{"start":{"line":92,"column":45},"end":{"line":92,"column":60}},{"start":{"line":92,"column":64},"end":{"line":92,"column":68}}]},"10":{"line":103,"type":"if","locations":[{"start":{"line":103,"column":50},"end":{"line":103,"column":50}},{"start":{"line":103,"column":50},"end":{"line":103,"column":50}}]},"11":{"line":111,"type":"if","locations":[{"start":{"line":111,"column":33},"end":{"line":111,"column":33}},{"start":{"line":111,"column":33},"end":{"line":111,"column":33}}]},"12":{"line":111,"type":"if","locations":[{"start":{"line":111,"column":43},"end":{"line":111,"column":43}},{"start":{"line":111,"column":43},"end":{"line":111,"column":43}}]},"13":{"line":113,"type":"if","locations":[{"start":{"line":113,"column":8},"end":{"line":113,"column":8}},{"start":{"line":113,"column":8},"end":{"line":113,"column":8}}]},"14":{"line":116,"type":"if","locations":[{"start":{"line":116,"column":8},"end":{"line":116,"column":8}},{"start":{"line":116,"column":8},"end":{"line":116,"column":8}}]}}}}